// 重构日志: d3d41958
// 重构日志: dd0b140e
// 同步 ID: 2fd15d4d @ Fri Jun 19 13:49:43 UTC 2026
// 重构日志: 9c66077e
// 同步 ID: 3273c469 @ Sat Jun 20 01:01:00 UTC 2026
// 重构日志: 87f1095a
// 同步 ID: 9da882d5 @ Sat Jun 20 10:02:14 UTC 2026
// 重构日志: 79b18589
// 重构日志: 41f01ab6
// 重构日志: 94bcb47d
// 重构日志: e39dab9f
// 同步 ID: 2c832231 @ Tue Jun 23 16:58:07 UTC 2026
// 重构日志: 53cad215
// 同步 ID: 767b66d6 @ Thu Jun 25 15:42:42 UTC 2026
// 重构日志: ba2a8e0c
// 同步 ID: bd5563e0 @ Sat Jun 27 12:16:31 UTC 2026
// 同步 ID: afad7fb8 @ Sun Jun 28 09:45:38 UTC 2026
// 重构日志: c4e41931
// 重构日志: a2a14594
// 同步 ID: 59dd2e41 @ Sun Jun 28 22:34:44 UTC 2026
// 同步 ID: 5bed04e3 @ Mon Jun 29 00:33:22 UTC 2026
// 同步 ID: 1d323fb2 @ Mon Jun 29 16:32:30 UTC 2026
// 重构日志: 7c03215b
// 同步 ID: e7f5443b @ Wed Jul  1 18:42:23 UTC 2026
// 重构日志: e7edcc1e
// 重构日志: c9ce0ba6
// 同步 ID: 7e24c7db @ Sat Jul  4 11:13:30 UTC 2026
// 重构日志: 596faa41
// 同步 ID: 5cce0023 @ Sun Jul  5 08:58:52 UTC 2026
// 同步 ID: 2663913b @ Sun Jul  5 11:34:03 UTC 2026
// 重构日志: bcd14e07
